2024-02-26 13:08:09,616 - INFO - C:\Users\JChaitanya\OneDrive\Django-Projects\OLD Movie Recommendation System\movie_recommendation_system\movie_recommendation_system\settings.py changed, reloading.
2024-02-26 13:11:15,917 - INFO - C:\Users\JChaitanya\OneDrive\Django-Projects\OLD Movie Recommendation System\movie_recommendation_system\recommender\views.py changed, reloading.
2024-02-26 14:32:11,657 - INFO - "GET / HTTP/1.1" 200 732701
2024-02-26 15:37:32,368 - INFO - C:\Users\JChaitanya\OneDrive\Django-Projects\OLD Movie Recommendation System\movie_recommendation_system\recommender\views.py changed, reloading.
2024-02-26 15:37:37,117 - INFO - "GET / HTTP/1.1" 200 732701
2024-02-26 15:37:38,116 - WARNING - Not Found: /favicon.ico
2024-02-26 15:37:38,117 - WARNING - "GET /favicon.ico HTTP/1.1" 404 2928
2024-02-26 15:37:41,756 - INFO - "GET /logout/ HTTP/1.1" 302 0
2024-02-26 15:37:41,767 - INFO - "GET / HTTP/1.1" 302 0
2024-02-26 15:37:41,781 - INFO - "GET /login/?next=/ HTTP/1.1" 200 3370
2024-02-26 15:37:48,166 - ERROR - Ivalid Credentials!
2024-02-26 15:37:48,168 - INFO - "POST /login/ HTTP/1.1" 200 3389
2024-03-20 15:07:19,910 - INFO - "GET / HTTP/1.1" 302 0
2024-03-20 15:07:21,016 - INFO - "GET /login/?next=/ HTTP/1.1" 200 3370
2024-03-20 15:07:21,065 - WARNING - "GET /static/recommender/result.css HTTP/1.1" 404 1926
2024-03-20 15:07:21,404 - INFO - "GET /static/recommender/navbar.css HTTP/1.1" 200 6009
2024-03-20 15:07:21,472 - WARNING - Not Found: /favicon.ico
2024-03-20 15:07:21,472 - WARNING - "GET /favicon.ico HTTP/1.1" 404 2928
2024-03-20 15:07:22,849 - ERROR - Ivalid Credentials!
2024-03-20 15:07:22,850 - INFO - "POST /login/ HTTP/1.1" 200 3389
2024-03-20 15:07:22,861 - WARNING - "GET /static/recommender/result.css HTTP/1.1" 404 1926
2024-03-20 15:07:24,374 - INFO - "GET /register/ HTTP/1.1" 200 3921
2024-03-20 15:07:24,413 - WARNING - "GET /static/recommender/result.css HTTP/1.1" 404 1926
2024-03-20 15:07:42,370 - INFO - "POST /register/ HTTP/1.1" 302 0
2024-03-20 15:07:42,775 - INFO - "GET / HTTP/1.1" 200 732701
2024-03-20 15:07:42,791 - WARNING - "GET /static/recommender/result.css HTTP/1.1" 404 1926
2024-03-20 15:07:43,164 - INFO - "GET /static/recommender/page.css HTTP/1.1" 200 2200
2024-03-20 15:08:41,290 - INFO - "POST / HTTP/1.1" 200 9298
2024-03-20 15:08:41,308 - WARNING - "GET /static/recommender/result.css HTTP/1.1" 404 1926
2024-03-20 15:08:41,689 - INFO - "GET /static/recommender/results.css HTTP/1.1" 200 1631
2024-03-20 15:09:08,054 - INFO - "GET / HTTP/1.1" 200 732701
2024-03-20 15:09:08,076 - WARNING - "GET /static/recommender/result.css HTTP/1.1" 404 1926
2024-03-20 15:09:27,314 - INFO - "POST / HTTP/1.1" 200 9447
2024-03-20 15:09:27,335 - WARNING - "GET /static/recommender/result.css HTTP/1.1" 404 1926
